gyp http GET http://nodejs.org/dist/v0.11.11/node-v0.11.11.tar.gz
gyp http 200 http://nodejs.org/dist/v0.11.11/node-v0.11.11.tar.gz
In file included from ../src/bufferutil.cc:15:0:
/home/diego/workspace/kuan/server/node_modules/socket.io/node_modules/socket.io-client/node_modules/ws/node_modules/nan/nan.h:518:3: error: ‘uv_work_t’ no nombra a un tipo
/home/diego/workspace/kuan/server/node_modules/socket.io/node_modules/socket.io-client/node_modules/ws/node_modules/nan/nan.h: En el constructor ‘NanAsyncWorker::NanAsyncWorker(NanCallback*)’:
/home/diego/workspace/kuan/server/node_modules/socket.io/node_modules/socket.io-client/node_modules/ws/node_modules/nan/nan.h:490:5: error: ‘request’ no se declaró en este ámbito
/home/diego/workspace/kuan/server/node_modules/socket.io/node_modules/socket.io-client/node_modules/ws/node_modules/nan/nan.h: En el ámbito global:
/home/diego/workspace/kuan/server/node_modules/socket.io/node_modules/socket.io-client/node_modules/ws/node_modules/nan/nan.h:555:30: error: se declaró la variable o campo ‘NanAsyncExecute’ como void
/home/diego/workspace/kuan/server/node_modules/socket.io/node_modules/socket.io-client/node_modules/ws/node_modules/nan/nan.h:555:30: error: ‘uv_work_t’ no se declaró en este ámbito
/home/diego/workspace/kuan/server/node_modules/socket.io/node_modules/socket.io-client/node_modules/ws/node_modules/nan/nan.h:555:41: error: ‘req’ no se declaró en este ámbito
/home/diego/workspace/kuan/server/node_modules/socket.io/node_modules/socket.io-client/node_modules/ws/node_modules/nan/nan.h:560:38: error: se declaró la variable o campo ‘NanAsyncExecuteComplete’ como void
/home/diego/workspace/kuan/server/node_modules/socket.io/node_modules/socket.io-client/node_modules/ws/node_modules/nan/nan.h:560:38: error: ‘uv_work_t’ no se declaró en este ámbito
/home/diego/workspace/kuan/server/node_modules/socket.io/node_modules/socket.io-client/node_modules/ws/node_modules/nan/nan.h:560:49: error: ‘req’ no se declaró en este ámbito
/home/diego/workspace/kuan/server/node_modules/socket.io/node_modules/socket.io-client/node_modules/ws/node_modules/nan/nan.h: En la función ‘void NanAsyncQueueWorker(NanAsyncWorker*)’:
/home/diego/workspace/kuan/server/node_modules/socket.io/node_modules/socket.io-client/node_modules/ws/node_modules/nan/nan.h:568:23: error: ‘uv_default_loop’ no se declaró en este ámbito
/home/diego/workspace/kuan/server/node_modules/socket.io/node_modules/socket.io-client/node_modules/ws/node_modules/nan/nan.h:569:16: error: ‘class NanAsyncWorker’ no tiene un miembro llamado ‘request’
/home/diego/workspace/kuan/server/node_modules/socket.io/node_modules/socket.io-client/node_modules/ws/node_modules/nan/nan.h:570:7: error: ‘NanAsyncExecute’ no se declaró en este ámbito
/home/diego/workspace/kuan/server/node_modules/socket.io/node_modules/socket.io-client/node_modules/ws/node_modules/nan/nan.h:571:8: error: ‘uv_after_work_cb’ no se declaró en este ámbito
/home/diego/workspace/kuan/server/node_modules/socket.io/node_modules/socket.io-client/node_modules/ws/node_modules/nan/nan.h:572:3: error: ‘uv_queue_work’ no se declaró en este ámbito
/home/diego/workspace/kuan/server/node_modules/socket.io/node_modules/socket.io-client/node_modules/ws/node_modules/nan/nan.h: En la función ‘bool _NanGetExternalParts(v8::Handle<v8::Value>, const char**, size_t*)’:
/home/diego/workspace/kuan/server/node_modules/socket.io/node_modules/socket.io-client/node_modules/ws/node_modules/nan/nan.h:716:78: error: no se encontró una función coincidente para la llamada a ‘v8::Local<v8::String>::New(v8::Handle<v8::String>)’
/home/diego/workspace/kuan/server/node_modules/socket.io/node_modules/socket.io-client/node_modules/ws/node_modules/nan/nan.h:716:78: nota: los candidatos son:
In file included from ../src/bufferutil.cc:7:0:
/home/diego/.node-gyp/0.11.11/deps/v8/include/v8.h:381:29: nota: static v8::Local<T> v8::Local<T>::New(v8::Isolate*, v8::Handle<T>) [with T = v8::String]
/home/diego/.node-gyp/0.11.11/deps/v8/include/v8.h:381:29: nota:   el candidato espera 2 argumentos, se proporcionaron 1
/home/diego/.node-gyp/0.11.11/deps/v8/include/v8.h:383:29: nota: template<class M> static v8::Local<T> v8::Local::New(v8::Isolate*, const v8::Persistent<T, M>&) [with M = M; T = v8::String]
/home/diego/.node-gyp/0.11.11/deps/v8/include/v8.h:383:29: nota:   falló la deducción/sustitución del argumento de plantilla:
In file included from ../src/bufferutil.cc:15:0:
/home/diego/workspace/kuan/server/node_modules/socket.io/node_modules/socket.io-client/node_modules/ws/node_modules/nan/nan.h:716:78: nota:   no se puede convertir ‘val.v8::Handle<T>::As<v8::String>()’ (tipo ‘v8::Handle<v8::String>’) al tipo ‘v8::Isolate*’
In file included from ../src/bufferutil.cc:7:0:
/home/diego/.node-gyp/0.11.11/deps/v8/include/v8.h:406:29: nota: static v8::Local<T> v8::Local<T>::New(v8::Isolate*, T*) [with T = v8::String]
/home/diego/.node-gyp/0.11.11/deps/v8/include/v8.h:406:29: nota:   el candidato espera 2 argumentos, se proporcionaron 1
In file included from ../src/bufferutil.cc:15:0:
/home/diego/workspace/kuan/server/node_modules/socket.io/node_modules/socket.io-client/node_modules/ws/node_modules/nan/nan.h: En la instanciación de ‘void NanDispose(v8::Persistent<T>&) [with T = v8::Object]’:
/home/diego/workspace/kuan/server/node_modules/socket.io/node_modules/socket.io-client/node_modules/ws/node_modules/nan/nan.h:498:34:   se requiere desde aquí
/home/diego/workspace/kuan/server/node_modules/socket.io/node_modules/socket.io-client/node_modules/ws/node_modules/nan/nan.h:237:5: error: no se encontró una función coincidente para la llamada a ‘v8::Persistent<v8::Object, v8::NonCopyablePersistentTraits<v8::Object> >::Dispose(v8::Isolate*&)’
/home/diego/workspace/kuan/server/node_modules/socket.io/node_modules/socket.io-client/node_modules/ws/node_modules/nan/nan.h:237:5: nota: el candidato es:
In file included from ../src/bufferutil.cc:7:0:
/home/diego/.node-gyp/0.11.11/deps/v8/include/v8.h:588:3: nota: void v8::Persistent<T, M>::Dispose() [with T = v8::Object; M = v8::NonCopyablePersistentTraits<v8::Object>]
/home/diego/.node-gyp/0.11.11/deps/v8/include/v8.h:588:3: nota:   el candidato espera 0 argumentos, se proporcionaron 1
make: *** [Release/obj.target/bufferutil/src/bufferutil.o] Error 1
gyp ERR! build error 
gyp ERR! stack Error: `make` failed with exit code: 2
gyp ERR! stack     at ChildProcess.onExit (/home/diego/.nvm/v0.11.11/lib/node_modules/npm/node_modules/node-gyp/lib/build.js:267:23)
gyp ERR! stack     at ChildProcess.EventEmitter.emit (events.js:107:17)
gyp ERR! stack     at Process.ChildProcess._handle.onexit (child_process.js:879:12)
gyp ERR! System Linux 3.8.0-35-generic
gyp ERR! command "node" "/home/diego/.nvm/v0.11.11/lib/node_modules/npm/node_modules/node-gyp/bin/node-gyp.js" "rebuild"
gyp ERR! cwd /home/diego/workspace/kuan/server/node_modules/socket.io/node_modules/socket.io-client/node_modules/ws
gyp ERR! node -v v0.11.11
gyp ERR! node-gyp -v v0.12.2
gyp ERR! not ok 
